0 info it worked if it ends with ok
1 verbose cli [ '/usr/local/bin/node', '/usr/local/bin/npm', 'home', 'st' ]
2 info using npm@5.6.0
3 info using node@v6.10.0
4 verbose stack Error: Cannot find module 'realize-package-specifier'
4 verbose stack     at Function.Module._resolveFilename (module.js:469:15)
4 verbose stack     at Function.Module._load (module.js:417:25)
4 verbose stack     at Module.require (module.js:497:17)
4 verbose stack     at require (internal/module.js:20:19)
4 verbose stack     at Object.<anonymous> (/usr/local/lib/node_modules/npm/lib/fetch-package-metadata.js:7:31)
4 verbose stack     at Module._compile (module.js:570:32)
4 verbose stack     at Object.Module._extensions..js (module.js:579:10)
4 verbose stack     at Module.load (module.js:487:32)
4 verbose stack     at tryModuleLoad (module.js:446:12)
4 verbose stack     at Function.Module._load (module.js:438:3)
5 verbose cwd /Users/luochangwei436/Desktop/github/resume-lcw
6 error Darwin 15.6.0
7 error argv "/usr/local/bin/node" "/usr/local/bin/npm" "home" "st"
8 error node v6.10.0
9 error npm  v5.6.0
10 error code MODULE_NOT_FOUND
11 error Cannot find module 'realize-package-specifier'
12 error If you need help, you may report this error at:
12 error     <https://github.com/npm/npm/issues>
13 verbose exit [ 1, true ]
